2025-06-13 17:45:15 WARNING 

<config>
<route-monitor-group xmlns="urn:huawei:yang:huawei-route-monitor-group">
  <monitor-groups>
    <monitor-group>
      <group-name>track_Uplink</group-name>
      <enable-status>true</enable-status>
      <trigger-up-delay>10</trigger-up-delay>
      <track-routes>
      
      
        <track-route>
        <destination-ni-name>_public_</destination-ni-name>
        <destination>172.29.1.6</destination>
        <mask-length>32</mask-length>
        <down-weight>50</down-weight>
        </track-route>
      
        <track-route>
        <destination-ni-name>_public_</destination-ni-name>
        <destination>172.29.1.25</destination>
        <mask-length>32</mask-length>
        <down-weight>50</down-weight>
        </track-route>
      
    
      </track-routes>
    </monitor-group>
  </monitor-groups>
</route-monitor-group>
</config>
2025-06-13 17:45:16 WARNING Successfully configure track profile
{'IP_PE_LIST': ['172.29.1.6', '172.29.1.25']}
